2025-04-16 16:19:38,073 - espn_direct_scraper - INFO - Fetching team roster from https://www.espn.com/mlb/team/roster/_/name/nyy
2025-04-16 16:19:38,599 - espn_direct_scraper - INFO - Saved data to cache for espn_roster_nyy
2025-04-16 16:19:38,599 - espn_direct_scraper - INFO - Found 25 players for New York Yankees
2025-04-16 16:19:38,599 - espn_direct_scraper - WARNING - Pitcher Gerrit Cole not found in New York Yankees roster
2025-04-16 16:19:38,599 - espn_direct_scraper - INFO - Searching for pitcher at https://www.espn.com/mlb/players/search?search=Gerrit+Cole
2025-04-16 16:19:38,703 - espn_direct_scraper - ERROR - Error searching for pitcher: 404
2025-04-16 16:19:38,704 - espn_direct_scraper - INFO - Saved data to cache for espn_era_New_York_Yankees_Gerrit_Cole
2025-04-16 16:19:38,704 - espn_direct_scraper - INFO - Using hardcoded ERA 2.63 for Gerrit Cole
2025-04-16 16:19:38,704 - espn_direct_scraper - INFO - Fetching team roster from https://www.espn.com/mlb/team/roster/_/name/lad
2025-04-16 16:19:39,136 - espn_direct_scraper - INFO - Saved data to cache for espn_roster_lad
2025-04-16 16:19:39,136 - espn_direct_scraper - INFO - Found 26 players for Los Angeles Dodgers
2025-04-16 16:19:39,137 - espn_direct_scraper - WARNING - Pitcher Clayton Kershaw not found in Los Angeles Dodgers roster
2025-04-16 16:19:39,137 - espn_direct_scraper - INFO - Searching for pitcher at https://www.espn.com/mlb/players/search?search=Clayton+Kershaw
2025-04-16 16:19:39,228 - espn_direct_scraper - ERROR - Error searching for pitcher: 404
2025-04-16 16:19:39,228 - espn_direct_scraper - INFO - Saved data to cache for espn_era_Los_Angeles_Dodgers_Clayton_Kershaw
2025-04-16 16:19:39,229 - espn_direct_scraper - INFO - Using hardcoded ERA 3.21 for Clayton Kershaw
2025-04-16 16:19:39,229 - espn_direct_scraper - INFO - Fetching team roster from https://www.espn.com/mlb/team/roster/_/name/bos
2025-04-16 16:19:39,604 - espn_direct_scraper - INFO - Saved data to cache for espn_roster_bos
2025-04-16 16:19:39,604 - espn_direct_scraper - INFO - Found 26 players for Boston Red Sox
2025-04-16 16:19:39,605 - espn_direct_scraper - WARNING - Pitcher Chris Sale not found in Boston Red Sox roster
2025-04-16 16:19:39,605 - espn_direct_scraper - INFO - Searching for pitcher at https://www.espn.com/mlb/players/search?search=Chris+Sale
2025-04-16 16:19:39,703 - espn_direct_scraper - ERROR - Error searching for pitcher: 404
2025-04-16 16:19:39,704 - espn_direct_scraper - INFO - Saved data to cache for espn_era_Boston_Red_Sox_Chris_Sale
2025-04-16 16:19:39,704 - espn_direct_scraper - INFO - Using hardcoded ERA 3.84 for Chris Sale
2025-04-16 16:19:39,704 - espn_direct_scraper - INFO - Fetching team roster from https://www.espn.com/mlb/team/roster/_/name/hou
2025-04-16 16:19:40,070 - espn_direct_scraper - INFO - Saved data to cache for espn_roster_hou
2025-04-16 16:19:40,070 - espn_direct_scraper - INFO - Found 27 players for Houston Astros
2025-04-16 16:19:40,071 - espn_direct_scraper - WARNING - Pitcher Justin Verlander not found in Houston Astros roster
2025-04-16 16:19:40,071 - espn_direct_scraper - INFO - Searching for pitcher at https://www.espn.com/mlb/players/search?search=Justin+Verlander
2025-04-16 16:19:40,169 - espn_direct_scraper - ERROR - Error searching for pitcher: 404
2025-04-16 16:19:40,170 - espn_direct_scraper - INFO - Saved data to cache for espn_era_Houston_Astros_Justin_Verlander
2025-04-16 16:19:40,170 - espn_direct_scraper - INFO - Using hardcoded ERA 3.15 for Justin Verlander
2025-04-16 16:19:40,170 - espn_direct_scraper - INFO - Fetching team roster from https://www.espn.com/mlb/team/roster/_/name/nym
2025-04-16 16:19:40,438 - espn_direct_scraper - INFO - Saved data to cache for espn_roster_nym
2025-04-16 16:19:40,438 - espn_direct_scraper - INFO - Found 26 players for New York Mets
2025-04-16 16:19:40,438 - espn_direct_scraper - WARNING - Pitcher Max Scherzer not found in New York Mets roster
2025-04-16 16:19:40,438 - espn_direct_scraper - INFO - Searching for pitcher at https://www.espn.com/mlb/players/search?search=Max+Scherzer
2025-04-16 16:19:40,538 - espn_direct_scraper - ERROR - Error searching for pitcher: 404
2025-04-16 16:19:40,539 - espn_direct_scraper - INFO - Saved data to cache for espn_era_New_York_Mets_Max_Scherzer
2025-04-16 16:19:40,539 - espn_direct_scraper - INFO - Using hardcoded ERA 3.38 for Max Scherzer
2025-04-16 16:19:40,539 - espn_direct_scraper - INFO - Fetching team roster from https://www.espn.com/mlb/team/roster/_/name/tex
2025-04-16 16:19:40,810 - espn_direct_scraper - INFO - Saved data to cache for espn_roster_tex
2025-04-16 16:19:40,810 - espn_direct_scraper - INFO - Found 26 players for Texas Rangers
2025-04-16 16:19:40,811 - espn_direct_scraper - INFO - Fetching player page from https://www.espn.com/mlb/player/_/id/32796
2025-04-16 16:19:41,105 - espn_direct_scraper - WARNING - ERA not found for Jacob deGrom
2025-04-16 16:19:41,106 - espn_direct_scraper - INFO - Searching for pitcher at https://www.espn.com/mlb/players/search?search=Jacob+deGrom
2025-04-16 16:19:41,202 - espn_direct_scraper - ERROR - Error searching for pitcher: 404
2025-04-16 16:19:41,202 - espn_direct_scraper - INFO - Saved data to cache for espn_era_Texas_Rangers_Jacob_deGrom
2025-04-16 16:19:41,202 - espn_direct_scraper - INFO - Using hardcoded ERA 2.45 for Jacob deGrom
2025-04-16 16:19:41,202 - espn_direct_scraper - INFO - Fetching team roster from https://www.espn.com/mlb/team/roster/_/name/cle
2025-04-16 16:19:41,473 - espn_direct_scraper - INFO - Saved data to cache for espn_roster_cle
2025-04-16 16:19:41,473 - espn_direct_scraper - INFO - Found 26 players for Cleveland Guardians
2025-04-16 16:19:41,473 - espn_direct_scraper - WARNING - Pitcher Shane Bieber not found in Cleveland Guardians roster
2025-04-16 16:19:41,473 - espn_direct_scraper - INFO - Searching for pitcher at https://www.espn.com/mlb/players/search?search=Shane+Bieber
2025-04-16 16:19:41,566 - espn_direct_scraper - ERROR - Error searching for pitcher: 404
2025-04-16 16:19:41,566 - espn_direct_scraper - INFO - Saved data to cache for espn_era_Cleveland_Guardians_Shane_Bieber
2025-04-16 16:19:41,566 - espn_direct_scraper - INFO - Using hardcoded ERA 3.52 for Shane Bieber
2025-04-16 16:19:41,567 - espn_direct_scraper - INFO - Fetching team roster from https://www.espn.com/mlb/team/roster/_/name/phi
2025-04-16 16:19:42,149 - espn_direct_scraper - INFO - Saved data to cache for espn_roster_phi
2025-04-16 16:19:42,149 - espn_direct_scraper - INFO - Found 26 players for Philadelphia Phillies
2025-04-16 16:19:42,150 - espn_direct_scraper - INFO - Fetching player page from https://www.espn.com/mlb/player/_/id/31267
2025-04-16 16:19:42,796 - espn_direct_scraper - WARNING - ERA not found for Zack Wheeler
2025-04-16 16:19:42,797 - espn_direct_scraper - INFO - Searching for pitcher at https://www.espn.com/mlb/players/search?search=Zack+Wheeler
2025-04-16 16:19:42,887 - espn_direct_scraper - ERROR - Error searching for pitcher: 404
2025-04-16 16:19:42,888 - espn_direct_scraper - INFO - Saved data to cache for espn_era_Philadelphia_Phillies_Zack_Wheeler
2025-04-16 16:19:42,888 - espn_direct_scraper - INFO - Using hardcoded ERA 3.07 for Zack Wheeler
2025-04-16 16:19:42,888 - espn_direct_scraper - INFO - Fetching team roster from https://www.espn.com/mlb/team/roster/_/name/mil
2025-04-16 16:19:43,162 - espn_direct_scraper - INFO - Saved data to cache for espn_roster_mil
2025-04-16 16:19:43,162 - espn_direct_scraper - INFO - Found 27 players for Milwaukee Brewers
2025-04-16 16:19:43,162 - espn_direct_scraper - WARNING - Pitcher Corbin Burnes not found in Milwaukee Brewers roster
2025-04-16 16:19:43,162 - espn_direct_scraper - INFO - Searching for pitcher at https://www.espn.com/mlb/players/search?search=Corbin+Burnes
2025-04-16 16:19:43,257 - espn_direct_scraper - ERROR - Error searching for pitcher: 404
2025-04-16 16:19:43,258 - espn_direct_scraper - INFO - Saved data to cache for espn_era_Milwaukee_Brewers_Corbin_Burnes
2025-04-16 16:19:43,258 - espn_direct_scraper - INFO - Using hardcoded ERA 2.94 for Corbin Burnes
2025-04-16 16:19:43,258 - espn_direct_scraper - INFO - Fetching team roster from https://www.espn.com/mlb/team/roster/_/name/sd
2025-04-16 16:19:43,731 - espn_direct_scraper - INFO - Saved data to cache for espn_roster_sd
2025-04-16 16:19:43,731 - espn_direct_scraper - INFO - Found 26 players for San Diego Padres
2025-04-16 16:19:43,732 - espn_direct_scraper - WARNING - Pitcher Yu Darvish not found in San Diego Padres roster
2025-04-16 16:19:43,732 - espn_direct_scraper - INFO - Searching for pitcher at https://www.espn.com/mlb/players/search?search=Yu+Darvish
2025-04-16 16:19:43,826 - espn_direct_scraper - ERROR - Error searching for pitcher: 404
2025-04-16 16:19:43,826 - espn_direct_scraper - INFO - Saved data to cache for espn_era_San_Diego_Padres_Yu_Darvish
2025-04-16 16:19:43,826 - espn_direct_scraper - INFO - Using hardcoded ERA 3.76 for Yu Darvish
2025-04-16 16:36:42,738 - espn_direct_scraper - INFO - Fetching team roster from https://www.espn.com/mlb/team/roster/_/name/chc
2025-04-16 16:36:43,209 - espn_direct_scraper - INFO - Saved data to cache for espn_roster_chc
2025-04-16 16:36:43,209 - espn_direct_scraper - INFO - Found 26 players for Chicago Cubs
2025-04-16 16:36:43,210 - espn_direct_scraper - WARNING - Pitcher Justin Steele not found in Chicago Cubs roster
2025-04-16 16:36:43,210 - espn_direct_scraper - INFO - Searching for pitcher at https://www.espn.com/mlb/players/search?search=Justin+Steele
2025-04-16 16:36:43,306 - espn_direct_scraper - ERROR - Error searching for pitcher: 404
2025-04-16 16:36:43,306 - espn_direct_scraper - WARNING - All methods failed to find ERA for Justin Steele, using default
2025-04-16 16:36:43,306 - espn_direct_scraper - INFO - Saved data to cache for espn_era_Chicago_Cubs_Justin_Steele
2025-04-16 16:36:43,307 - espn_direct_scraper - INFO - Using cached data for espn_roster_sd
2025-04-16 16:36:43,307 - espn_direct_scraper - INFO - Fetching player page from https://www.espn.com/mlb/player/_/id/34943
2025-04-16 16:36:43,624 - espn_direct_scraper - WARNING - ERA not found for Dylan Cease
2025-04-16 16:36:43,624 - espn_direct_scraper - INFO - Searching for pitcher at https://www.espn.com/mlb/players/search?search=Dylan+Cease
2025-04-16 16:36:43,726 - espn_direct_scraper - ERROR - Error searching for pitcher: 404
2025-04-16 16:36:43,726 - espn_direct_scraper - WARNING - All methods failed to find ERA for Dylan Cease, using default
2025-04-16 16:36:43,726 - espn_direct_scraper - INFO - Saved data to cache for espn_era_San_Diego_Padres_Dylan_Cease
2025-04-16 16:37:24,974 - espn_direct_scraper - INFO - Using cached data for espn_era_Chicago_Cubs_Justin_Steele
2025-04-16 16:37:24,974 - espn_direct_scraper - INFO - Using cached data for espn_era_San_Diego_Padres_Dylan_Cease
2025-04-16 16:38:05,189 - espn_direct_scraper - INFO - Cleared cache for espn_era_Chicago_Cubs_Justin_Steele
2025-04-16 16:38:05,189 - espn_direct_scraper - INFO - Using cached data for espn_roster_chc
2025-04-16 16:38:05,189 - espn_direct_scraper - WARNING - Pitcher Justin Steele not found in Chicago Cubs roster
2025-04-16 16:38:05,189 - espn_direct_scraper - INFO - Searching for pitcher at https://www.espn.com/mlb/players/search?search=Justin+Steele
2025-04-16 16:38:05,224 - espn_direct_scraper - ERROR - Error searching for pitcher: 404
2025-04-16 16:38:05,224 - espn_direct_scraper - INFO - Saved data to cache for espn_era_Chicago_Cubs_Justin_Steele
2025-04-16 16:38:05,225 - espn_direct_scraper - INFO - Using hardcoded ERA 3.2 for Justin Steele
2025-04-16 16:38:05,225 - espn_direct_scraper - INFO - Cleared cache for espn_era_San_Diego_Padres_Dylan_Cease
2025-04-16 16:38:05,225 - espn_direct_scraper - INFO - Using cached data for espn_roster_sd
2025-04-16 16:38:05,225 - espn_direct_scraper - INFO - Fetching player page from https://www.espn.com/mlb/player/_/id/34943
2025-04-16 16:38:05,528 - espn_direct_scraper - WARNING - ERA not found for Dylan Cease
2025-04-16 16:38:05,529 - espn_direct_scraper - INFO - Searching for pitcher at https://www.espn.com/mlb/players/search?search=Dylan+Cease
2025-04-16 16:38:05,570 - espn_direct_scraper - ERROR - Error searching for pitcher: 404
2025-04-16 16:38:05,570 - espn_direct_scraper - INFO - Saved data to cache for espn_era_San_Diego_Padres_Dylan_Cease
2025-04-16 16:38:05,571 - espn_direct_scraper - INFO - Using hardcoded ERA 3.17 for Dylan Cease
2025-04-16 16:41:50,148 - espn_direct_scraper - INFO - Using cached data for espn_roster_chc
2025-04-16 16:41:50,148 - espn_direct_scraper - INFO - Fetching player page from https://www.espn.com/mlb/player/_/id/34401
2025-04-16 16:41:50,456 - espn_direct_scraper - WARNING - ERA not found for Matthew Boyd
2025-04-16 16:41:50,457 - espn_direct_scraper - INFO - Searching for pitcher at https://www.espn.com/mlb/players/search?search=Matthew+Boyd
2025-04-16 16:41:50,561 - espn_direct_scraper - ERROR - Error searching for pitcher: 404
2025-04-16 16:41:50,562 - espn_direct_scraper - INFO - Saved data to cache for espn_era_Chicago_Cubs_Matthew_Boyd
2025-04-16 16:41:50,562 - espn_direct_scraper - INFO - Using hardcoded ERA 3.2 for Matthew Boyd
2025-04-16 16:41:50,562 - espn_direct_scraper - INFO - Using cached data for espn_roster_sd
2025-04-16 16:41:50,562 - espn_direct_scraper - INFO - Fetching player page from https://www.espn.com/mlb/player/_/id/36071
2025-04-16 16:41:50,839 - espn_direct_scraper - WARNING - ERA not found for Nick Pivetta
2025-04-16 16:41:50,839 - espn_direct_scraper - INFO - Searching for pitcher at https://www.espn.com/mlb/players/search?search=Nick+Pivetta
2025-04-16 16:41:55,966 - espn_direct_scraper - ERROR - Error searching for pitcher: 404
2025-04-16 16:41:55,966 - espn_direct_scraper - INFO - Saved data to cache for espn_era_San_Diego_Padres_Nick_Pivetta
2025-04-16 16:41:55,966 - espn_direct_scraper - INFO - Using hardcoded ERA 3.17 for Nick Pivetta
2025-04-16 17:02:28,021 - espn_direct_scraper - INFO - Cleared cache for espn_era_Chicago_Cubs_Matthew_Boyd
2025-04-16 17:02:28,022 - espn_direct_scraper - INFO - Using cached data for espn_roster_chc
2025-04-16 17:02:28,022 - espn_direct_scraper - INFO - Fetching player page from https://www.espn.com/mlb/player/_/id/34401
2025-04-16 17:02:28,205 - espn_direct_scraper - WARNING - ERA not found for Matthew Boyd
2025-04-16 17:02:28,206 - espn_direct_scraper - INFO - Searching for pitcher at https://www.espn.com/mlb/players/search?search=Matthew+Boyd
2025-04-16 17:02:28,230 - espn_direct_scraper - ERROR - Error searching for pitcher: 404
2025-04-16 17:02:28,231 - espn_direct_scraper - INFO - Saved data to cache for espn_era_Chicago_Cubs_Matthew_Boyd
2025-04-16 17:02:28,231 - espn_direct_scraper - INFO - Using hardcoded ERA 3.2 for Matthew Boyd
2025-04-16 17:02:28,231 - integrated_espn_data_api - INFO - Got ERA for Matthew Boyd (Chicago Cubs) from ESPN Direct Scraper: 3.2
2025-04-16 17:02:28,231 - integrated_espn_data_api - INFO - Saved data to cache for pitcher_era_Chicago_Cubs_Matthew_Boyd
2025-04-16 17:02:28,231 - espn_direct_scraper - INFO - Cleared cache for espn_era_Chicago_Cubs_Matthew_Boyd
2025-04-16 17:02:28,231 - espn_direct_scraper - INFO - Using cached data for espn_roster_chc
2025-04-16 17:02:28,231 - espn_direct_scraper - INFO - Fetching player page from https://www.espn.com/mlb/player/_/id/34401
2025-04-16 17:02:28,390 - espn_direct_scraper - WARNING - ERA not found for Matthew Boyd
2025-04-16 17:02:28,390 - espn_direct_scraper - INFO - Searching for pitcher at https://www.espn.com/mlb/players/search?search=Matthew+Boyd
2025-04-16 17:02:28,431 - espn_direct_scraper - ERROR - Error searching for pitcher: 404
2025-04-16 17:02:28,432 - espn_direct_scraper - INFO - Saved data to cache for espn_era_Chicago_Cubs_Matthew_Boyd
2025-04-16 17:02:28,432 - espn_direct_scraper - INFO - Using hardcoded ERA 3.2 for Matthew Boyd
2025-04-16 17:02:28,577 - espn_live_data_api - ERROR - Error fetching today's games: 'id'
2025-04-16 17:02:28,578 - espn_live_data_api - ERROR - Could not find pitcher Matthew Boyd for team Chicago Cubs in today's games
2025-04-16 17:02:28,578 - espn_direct_scraper - INFO - Cleared cache for espn_era_San_Diego_Padres_Nick_Pivetta
2025-04-16 17:02:28,578 - espn_direct_scraper - INFO - Using cached data for espn_roster_sd
2025-04-16 17:02:28,579 - espn_direct_scraper - INFO - Fetching player page from https://www.espn.com/mlb/player/_/id/36071
2025-04-16 17:02:28,874 - espn_direct_scraper - WARNING - ERA not found for Nick Pivetta
2025-04-16 17:02:28,875 - espn_direct_scraper - INFO - Searching for pitcher at https://www.espn.com/mlb/players/search?search=Nick+Pivetta
2025-04-16 17:02:28,901 - espn_direct_scraper - ERROR - Error searching for pitcher: 404
2025-04-16 17:02:28,902 - espn_direct_scraper - INFO - Saved data to cache for espn_era_San_Diego_Padres_Nick_Pivetta
2025-04-16 17:02:28,902 - espn_direct_scraper - INFO - Using hardcoded ERA 3.17 for Nick Pivetta
2025-04-16 17:02:28,902 - integrated_espn_data_api - INFO - Got ERA for Nick Pivetta (San Diego Padres) from ESPN Direct Scraper: 3.17
2025-04-16 17:02:28,902 - integrated_espn_data_api - INFO - Saved data to cache for pitcher_era_San_Diego_Padres_Nick_Pivetta
2025-04-16 17:02:28,902 - espn_direct_scraper - INFO - Cleared cache for espn_era_San_Diego_Padres_Nick_Pivetta
2025-04-16 17:02:28,902 - espn_direct_scraper - INFO - Using cached data for espn_roster_sd
2025-04-16 17:02:28,903 - espn_direct_scraper - INFO - Fetching player page from https://www.espn.com/mlb/player/_/id/36071
2025-04-16 17:02:29,034 - espn_direct_scraper - WARNING - ERA not found for Nick Pivetta
2025-04-16 17:02:29,034 - espn_direct_scraper - INFO - Searching for pitcher at https://www.espn.com/mlb/players/search?search=Nick+Pivetta
2025-04-16 17:02:29,061 - espn_direct_scraper - ERROR - Error searching for pitcher: 404
2025-04-16 17:02:29,061 - espn_direct_scraper - INFO - Saved data to cache for espn_era_San_Diego_Padres_Nick_Pivetta
2025-04-16 17:02:29,061 - espn_direct_scraper - INFO - Using hardcoded ERA 3.17 for Nick Pivetta
2025-04-16 17:02:29,089 - espn_live_data_api - ERROR - Error fetching today's games: 'id'
2025-04-16 17:02:29,090 - espn_live_data_api - ERROR - Could not find pitcher Nick Pivetta for team San Diego Padres in today's games
2025-04-16 17:02:29,090 - espn_direct_scraper - INFO - Cleared cache for espn_era_New_York_Yankees_Gerrit_Cole
2025-04-16 17:02:29,091 - espn_direct_scraper - INFO - Using cached data for espn_roster_nyy
2025-04-16 17:02:29,091 - espn_direct_scraper - WARNING - Pitcher Gerrit Cole not found in New York Yankees roster
2025-04-16 17:02:29,091 - espn_direct_scraper - INFO - Searching for pitcher at https://www.espn.com/mlb/players/search?search=Gerrit+Cole
2025-04-16 17:02:29,117 - espn_direct_scraper - ERROR - Error searching for pitcher: 404
2025-04-16 17:02:29,118 - espn_direct_scraper - INFO - Saved data to cache for espn_era_New_York_Yankees_Gerrit_Cole
2025-04-16 17:02:29,118 - espn_direct_scraper - INFO - Using hardcoded ERA 2.63 for Gerrit Cole
2025-04-16 17:02:29,118 - integrated_espn_data_api - INFO - Got ERA for Gerrit Cole (New York Yankees) from ESPN Direct Scraper: 2.63
2025-04-16 17:02:29,118 - integrated_espn_data_api - INFO - Saved data to cache for pitcher_era_New_York_Yankees_Gerrit_Cole
2025-04-16 17:02:29,118 - espn_direct_scraper - INFO - Cleared cache for espn_era_New_York_Yankees_Gerrit_Cole
2025-04-16 17:02:29,119 - espn_direct_scraper - INFO - Using cached data for espn_roster_nyy
2025-04-16 17:02:29,119 - espn_direct_scraper - WARNING - Pitcher Gerrit Cole not found in New York Yankees roster
2025-04-16 17:02:29,119 - espn_direct_scraper - INFO - Searching for pitcher at https://www.espn.com/mlb/players/search?search=Gerrit+Cole
2025-04-16 17:02:29,144 - espn_direct_scraper - ERROR - Error searching for pitcher: 404
2025-04-16 17:02:29,145 - espn_direct_scraper - INFO - Saved data to cache for espn_era_New_York_Yankees_Gerrit_Cole
2025-04-16 17:02:29,145 - espn_direct_scraper - INFO - Using hardcoded ERA 2.63 for Gerrit Cole
2025-04-16 17:02:29,172 - espn_live_data_api - ERROR - Error fetching today's games: 'id'
2025-04-16 17:02:29,173 - espn_live_data_api - ERROR - Could not find pitcher Gerrit Cole for team New York Yankees in today's games
2025-04-16 17:02:29,174 - espn_direct_scraper - INFO - Cleared cache for espn_era_Los_Angeles_Dodgers_Clayton_Kershaw
2025-04-16 17:02:29,174 - espn_direct_scraper - INFO - Using cached data for espn_roster_lad
2025-04-16 17:02:29,174 - espn_direct_scraper - WARNING - Pitcher Clayton Kershaw not found in Los Angeles Dodgers roster
2025-04-16 17:02:29,174 - espn_direct_scraper - INFO - Searching for pitcher at https://www.espn.com/mlb/players/search?search=Clayton+Kershaw
2025-04-16 17:02:29,202 - espn_direct_scraper - ERROR - Error searching for pitcher: 404
2025-04-16 17:02:29,203 - espn_direct_scraper - INFO - Saved data to cache for espn_era_Los_Angeles_Dodgers_Clayton_Kershaw
2025-04-16 17:02:29,203 - espn_direct_scraper - INFO - Using hardcoded ERA 3.21 for Clayton Kershaw
2025-04-16 17:02:29,203 - integrated_espn_data_api - INFO - Got ERA for Clayton Kershaw (Los Angeles Dodgers) from ESPN Direct Scraper: 3.21
2025-04-16 17:02:29,203 - integrated_espn_data_api - INFO - Saved data to cache for pitcher_era_Los_Angeles_Dodgers_Clayton_Kershaw
2025-04-16 17:02:29,204 - espn_direct_scraper - INFO - Cleared cache for espn_era_Los_Angeles_Dodgers_Clayton_Kershaw
2025-04-16 17:02:29,204 - espn_direct_scraper - INFO - Using cached data for espn_roster_lad
2025-04-16 17:02:29,204 - espn_direct_scraper - WARNING - Pitcher Clayton Kershaw not found in Los Angeles Dodgers roster
2025-04-16 17:02:29,204 - espn_direct_scraper - INFO - Searching for pitcher at https://www.espn.com/mlb/players/search?search=Clayton+Kershaw
2025-04-16 17:02:29,297 - espn_direct_scraper - ERROR - Error searching for pitcher: 404
2025-04-16 17:02:29,298 - espn_direct_scraper - INFO - Saved data to cache for espn_era_Los_Angeles_Dodgers_Clayton_Kershaw
2025-04-16 17:02:29,298 - espn_direct_scraper - INFO - Using hardcoded ERA 3.21 for Clayton Kershaw
2025-04-16 17:02:29,347 - espn_live_data_api - ERROR - Error fetching today's games: 'id'
2025-04-16 17:02:29,348 - espn_live_data_api - ERROR - Could not find pitcher Clayton Kershaw for team Los Angeles Dodgers in today's games
2025-04-16 17:02:29,348 - espn_direct_scraper - INFO - Cleared cache for espn_era_Boston_Red_Sox_Chris_Sale
2025-04-16 17:02:29,349 - espn_direct_scraper - INFO - Using cached data for espn_roster_bos
2025-04-16 17:02:29,349 - espn_direct_scraper - WARNING - Pitcher Chris Sale not found in Boston Red Sox roster
2025-04-16 17:02:29,349 - espn_direct_scraper - INFO - Searching for pitcher at https://www.espn.com/mlb/players/search?search=Chris+Sale
2025-04-16 17:02:29,372 - espn_direct_scraper - ERROR - Error searching for pitcher: 404
2025-04-16 17:02:29,373 - espn_direct_scraper - INFO - Saved data to cache for espn_era_Boston_Red_Sox_Chris_Sale
2025-04-16 17:02:29,373 - espn_direct_scraper - INFO - Using hardcoded ERA 3.84 for Chris Sale
2025-04-16 17:02:29,373 - integrated_espn_data_api - INFO - Got ERA for Chris Sale (Boston Red Sox) from ESPN Direct Scraper: 3.84
2025-04-16 17:02:29,373 - integrated_espn_data_api - INFO - Saved data to cache for pitcher_era_Boston_Red_Sox_Chris_Sale
2025-04-16 17:02:29,373 - espn_direct_scraper - INFO - Cleared cache for espn_era_Boston_Red_Sox_Chris_Sale
2025-04-16 17:02:29,373 - espn_direct_scraper - INFO - Using cached data for espn_roster_bos
2025-04-16 17:02:29,374 - espn_direct_scraper - WARNING - Pitcher Chris Sale not found in Boston Red Sox roster
2025-04-16 17:02:29,374 - espn_direct_scraper - INFO - Searching for pitcher at https://www.espn.com/mlb/players/search?search=Chris+Sale
2025-04-16 17:02:29,469 - espn_direct_scraper - ERROR - Error searching for pitcher: 404
2025-04-16 17:02:29,470 - espn_direct_scraper - INFO - Saved data to cache for espn_era_Boston_Red_Sox_Chris_Sale
2025-04-16 17:02:29,470 - espn_direct_scraper - INFO - Using hardcoded ERA 3.84 for Chris Sale
2025-04-16 17:02:29,498 - espn_live_data_api - ERROR - Error fetching today's games: 'id'
2025-04-16 17:02:29,499 - espn_live_data_api - ERROR - Could not find pitcher Chris Sale for team Boston Red Sox in today's games
2025-04-16 17:02:29,500 - espn_direct_scraper - INFO - Cleared cache for espn_era_Houston_Astros_Justin_Verlander
2025-04-16 17:02:29,500 - espn_direct_scraper - INFO - Using cached data for espn_roster_hou
2025-04-16 17:02:29,500 - espn_direct_scraper - WARNING - Pitcher Justin Verlander not found in Houston Astros roster
2025-04-16 17:02:29,500 - espn_direct_scraper - INFO - Searching for pitcher at https://www.espn.com/mlb/players/search?search=Justin+Verlander
2025-04-16 17:02:29,527 - espn_direct_scraper - ERROR - Error searching for pitcher: 404
2025-04-16 17:02:29,528 - espn_direct_scraper - INFO - Saved data to cache for espn_era_Houston_Astros_Justin_Verlander
2025-04-16 17:02:29,528 - espn_direct_scraper - INFO - Using hardcoded ERA 3.15 for Justin Verlander
2025-04-16 17:02:29,528 - integrated_espn_data_api - INFO - Got ERA for Justin Verlander (Houston Astros) from ESPN Direct Scraper: 3.15
2025-04-16 17:02:29,528 - integrated_espn_data_api - INFO - Saved data to cache for pitcher_era_Houston_Astros_Justin_Verlander
2025-04-16 17:02:29,528 - espn_direct_scraper - INFO - Cleared cache for espn_era_Houston_Astros_Justin_Verlander
2025-04-16 17:02:29,528 - espn_direct_scraper - INFO - Using cached data for espn_roster_hou
2025-04-16 17:02:29,528 - espn_direct_scraper - WARNING - Pitcher Justin Verlander not found in Houston Astros roster
2025-04-16 17:02:29,528 - espn_direct_scraper - INFO - Searching for pitcher at https://www.espn.com/mlb/players/search?search=Justin+Verlander
2025-04-16 17:02:29,619 - espn_direct_scraper - ERROR - Error searching for pitcher: 404
2025-04-16 17:02:29,620 - espn_direct_scraper - INFO - Saved data to cache for espn_era_Houston_Astros_Justin_Verlander
2025-04-16 17:02:29,620 - espn_direct_scraper - INFO - Using hardcoded ERA 3.15 for Justin Verlander
2025-04-16 17:02:29,661 - espn_live_data_api - ERROR - Error fetching today's games: 'id'
2025-04-16 17:02:29,662 - espn_live_data_api - ERROR - Could not find pitcher Justin Verlander for team Houston Astros in today's games
2025-04-16 17:02:29,663 - espn_direct_scraper - INFO - Cleared cache for espn_era_New_York_Mets_Max_Scherzer
2025-04-16 17:02:29,663 - espn_direct_scraper - INFO - Using cached data for espn_roster_nym
2025-04-16 17:02:29,663 - espn_direct_scraper - WARNING - Pitcher Max Scherzer not found in New York Mets roster
2025-04-16 17:02:29,663 - espn_direct_scraper - INFO - Searching for pitcher at https://www.espn.com/mlb/players/search?search=Max+Scherzer
2025-04-16 17:02:29,689 - espn_direct_scraper - ERROR - Error searching for pitcher: 404
2025-04-16 17:02:29,690 - espn_direct_scraper - INFO - Saved data to cache for espn_era_New_York_Mets_Max_Scherzer
2025-04-16 17:02:29,690 - espn_direct_scraper - INFO - Using hardcoded ERA 3.38 for Max Scherzer
2025-04-16 17:02:29,690 - integrated_espn_data_api - INFO - Got ERA for Max Scherzer (New York Mets) from ESPN Direct Scraper: 3.38
2025-04-16 17:02:29,690 - integrated_espn_data_api - INFO - Saved data to cache for pitcher_era_New_York_Mets_Max_Scherzer
2025-04-16 17:02:29,690 - espn_direct_scraper - INFO - Cleared cache for espn_era_New_York_Mets_Max_Scherzer
2025-04-16 17:02:29,690 - espn_direct_scraper - INFO - Using cached data for espn_roster_nym
2025-04-16 17:02:29,691 - espn_direct_scraper - WARNING - Pitcher Max Scherzer not found in New York Mets roster
2025-04-16 17:02:29,691 - espn_direct_scraper - INFO - Searching for pitcher at https://www.espn.com/mlb/players/search?search=Max+Scherzer
2025-04-16 17:02:29,720 - espn_direct_scraper - ERROR - Error searching for pitcher: 404
2025-04-16 17:02:29,721 - espn_direct_scraper - INFO - Saved data to cache for espn_era_New_York_Mets_Max_Scherzer
2025-04-16 17:02:29,721 - espn_direct_scraper - INFO - Using hardcoded ERA 3.38 for Max Scherzer
2025-04-16 17:02:29,746 - espn_live_data_api - ERROR - Error fetching today's games: 'id'
2025-04-16 17:02:29,748 - espn_live_data_api - ERROR - Could not find pitcher Max Scherzer for team New York Mets in today's games
2025-04-16 17:02:29,749 - espn_direct_scraper - INFO - Cleared cache for espn_era_Texas_Rangers_Jacob_deGrom
2025-04-16 17:02:29,749 - espn_direct_scraper - INFO - Using cached data for espn_roster_tex
2025-04-16 17:02:29,749 - espn_direct_scraper - INFO - Fetching player page from https://www.espn.com/mlb/player/_/id/32796
2025-04-16 17:02:30,059 - espn_direct_scraper - WARNING - ERA not found for Jacob deGrom
2025-04-16 17:02:30,060 - espn_direct_scraper - INFO - Searching for pitcher at https://www.espn.com/mlb/players/search?search=Jacob+deGrom
2025-04-16 17:02:30,150 - espn_direct_scraper - ERROR - Error searching for pitcher: 404
2025-04-16 17:02:30,151 - espn_direct_scraper - INFO - Saved data to cache for espn_era_Texas_Rangers_Jacob_deGrom
2025-04-16 17:02:30,151 - espn_direct_scraper - INFO - Using hardcoded ERA 2.45 for Jacob deGrom
2025-04-16 17:02:30,151 - integrated_espn_data_api - INFO - Got ERA for Jacob deGrom (Texas Rangers) from ESPN Direct Scraper: 2.45
2025-04-16 17:02:30,151 - integrated_espn_data_api - INFO - Saved data to cache for pitcher_era_Texas_Rangers_Jacob_deGrom
2025-04-16 17:02:30,151 - espn_direct_scraper - INFO - Cleared cache for espn_era_Texas_Rangers_Jacob_deGrom
2025-04-16 17:02:30,151 - espn_direct_scraper - INFO - Using cached data for espn_roster_tex
2025-04-16 17:02:30,152 - espn_direct_scraper - INFO - Fetching player page from https://www.espn.com/mlb/player/_/id/32796
2025-04-16 17:02:30,303 - espn_direct_scraper - WARNING - ERA not found for Jacob deGrom
2025-04-16 17:02:30,304 - espn_direct_scraper - INFO - Searching for pitcher at https://www.espn.com/mlb/players/search?search=Jacob+deGrom
2025-04-16 17:02:30,342 - espn_direct_scraper - ERROR - Error searching for pitcher: 404
2025-04-16 17:02:30,343 - espn_direct_scraper - INFO - Saved data to cache for espn_era_Texas_Rangers_Jacob_deGrom
2025-04-16 17:02:30,343 - espn_direct_scraper - INFO - Using hardcoded ERA 2.45 for Jacob deGrom
2025-04-16 17:02:30,379 - espn_live_data_api - ERROR - Error fetching today's games: 'id'
2025-04-16 17:02:30,380 - espn_live_data_api - ERROR - Could not find pitcher Jacob deGrom for team Texas Rangers in today's games
2025-04-16 17:02:30,381 - espn_direct_scraper - INFO - Cleared cache for espn_era_Cleveland_Guardians_Shane_Bieber
2025-04-16 17:02:30,381 - espn_direct_scraper - INFO - Using cached data for espn_roster_cle
2025-04-16 17:02:30,381 - espn_direct_scraper - WARNING - Pitcher Shane Bieber not found in Cleveland Guardians roster
2025-04-16 17:02:30,381 - espn_direct_scraper - INFO - Searching for pitcher at https://www.espn.com/mlb/players/search?search=Shane+Bieber
2025-04-16 17:02:30,428 - espn_direct_scraper - ERROR - Error searching for pitcher: 404
2025-04-16 17:02:30,429 - espn_direct_scraper - INFO - Saved data to cache for espn_era_Cleveland_Guardians_Shane_Bieber
2025-04-16 17:02:30,429 - espn_direct_scraper - INFO - Using hardcoded ERA 3.52 for Shane Bieber
2025-04-16 17:02:30,429 - integrated_espn_data_api - INFO - Got ERA for Shane Bieber (Cleveland Guardians) from ESPN Direct Scraper: 3.52
2025-04-16 17:02:30,430 - integrated_espn_data_api - INFO - Saved data to cache for pitcher_era_Cleveland_Guardians_Shane_Bieber
2025-04-16 17:02:30,430 - espn_direct_scraper - INFO - Cleared cache for espn_era_Cleveland_Guardians_Shane_Bieber
2025-04-16 17:02:30,430 - espn_direct_scraper - INFO - Using cached data for espn_roster_cle
2025-04-16 17:02:30,430 - espn_direct_scraper - WARNING - Pitcher Shane Bieber not found in Cleveland Guardians roster
2025-04-16 17:02:30,430 - espn_direct_scraper - INFO - Searching for pitcher at https://www.espn.com/mlb/players/search?search=Shane+Bieber
2025-04-16 17:02:30,473 - espn_direct_scraper - ERROR - Error searching for pitcher: 404
2025-04-16 17:02:30,474 - espn_direct_scraper - INFO - Saved data to cache for espn_era_Cleveland_Guardians_Shane_Bieber
2025-04-16 17:02:30,474 - espn_direct_scraper - INFO - Using hardcoded ERA 3.52 for Shane Bieber
2025-04-16 17:02:30,511 - espn_live_data_api - ERROR - Error fetching today's games: 'id'
2025-04-16 17:02:30,512 - espn_live_data_api - ERROR - Could not find pitcher Shane Bieber for team Cleveland Guardians in today's games
2025-04-16 17:02:30,512 - espn_direct_scraper - INFO - Cleared cache for espn_era_Philadelphia_Phillies_Zack_Wheeler
2025-04-16 17:02:30,513 - espn_direct_scraper - INFO - Using cached data for espn_roster_phi
2025-04-16 17:02:30,513 - espn_direct_scraper - INFO - Fetching player page from https://www.espn.com/mlb/player/_/id/31267
2025-04-16 17:02:30,657 - espn_direct_scraper - WARNING - ERA not found for Zack Wheeler
2025-04-16 17:02:30,658 - espn_direct_scraper - INFO - Searching for pitcher at https://www.espn.com/mlb/players/search?search=Zack+Wheeler
2025-04-16 17:02:30,767 - espn_direct_scraper - ERROR - Error searching for pitcher: 404
2025-04-16 17:02:30,768 - espn_direct_scraper - INFO - Saved data to cache for espn_era_Philadelphia_Phillies_Zack_Wheeler
2025-04-16 17:02:30,768 - espn_direct_scraper - INFO - Using hardcoded ERA 3.07 for Zack Wheeler
2025-04-16 17:02:30,768 - integrated_espn_data_api - INFO - Got ERA for Zack Wheeler (Philadelphia Phillies) from ESPN Direct Scraper: 3.07
2025-04-16 17:02:30,768 - integrated_espn_data_api - INFO - Saved data to cache for pitcher_era_Philadelphia_Phillies_Zack_Wheeler
2025-04-16 17:02:30,768 - espn_direct_scraper - INFO - Cleared cache for espn_era_Philadelphia_Phillies_Zack_Wheeler
2025-04-16 17:02:30,768 - espn_direct_scraper - INFO - Using cached data for espn_roster_phi
2025-04-16 17:02:30,768 - espn_direct_scraper - INFO - Fetching player page from https://www.espn.com/mlb/player/_/id/31267
2025-04-16 17:02:30,911 - espn_direct_scraper - WARNING - ERA not found for Zack Wheeler
2025-04-16 17:02:30,912 - espn_direct_scraper - INFO - Searching for pitcher at https://www.espn.com/mlb/players/search?search=Zack+Wheeler
2025-04-16 17:02:30,939 - espn_direct_scraper - ERROR - Error searching for pitcher: 404
2025-04-16 17:02:30,939 - espn_direct_scraper - INFO - Saved data to cache for espn_era_Philadelphia_Phillies_Zack_Wheeler
2025-04-16 17:02:30,939 - espn_direct_scraper - INFO - Using hardcoded ERA 3.07 for Zack Wheeler
2025-04-16 17:02:30,967 - espn_live_data_api - ERROR - Error fetching today's games: 'id'
2025-04-16 17:02:30,969 - espn_live_data_api - ERROR - Could not find pitcher Zack Wheeler for team Philadelphia Phillies in today's games
2025-04-16 17:02:31,040 - espn_live_data_api - ERROR - Error fetching today's games: 'id'
2025-04-16 17:02:31,042 - integrated_espn_data_api - INFO - Saved data to cache for todays_games_enhanced
2025-04-16 17:02:31,042 - integrated_espn_data_api - INFO - Cleared cache for todays_games_enhanced
2025-04-16 17:02:31,067 - espn_live_data_api - ERROR - Error fetching today's games: 'id'
2025-04-16 17:02:31,069 - integrated_espn_data_api - INFO - Saved data to cache for todays_games_enhanced
2025-04-16 17:02:31,069 - integrated_espn_data_api - INFO - Saved data to cache for all_game_data
2025-04-16 17:05:25,644 - integrated_espn_data_api - INFO - Cleared cache for pitcher_era_Chicago_Cubs_Matthew_Boyd
2025-04-16 17:05:25,644 - espn_direct_scraper - INFO - Using cached data for espn_era_Chicago_Cubs_Matthew_Boyd
2025-04-16 17:05:25,644 - integrated_espn_data_api - INFO - Got ERA for Matthew Boyd (Chicago Cubs) from ESPN Direct Scraper: 3.2
2025-04-16 17:05:25,644 - integrated_espn_data_api - INFO - Saved data to cache for pitcher_era_Chicago_Cubs_Matthew_Boyd
2025-04-16 17:05:25,644 - espn_direct_scraper - INFO - Using cached data for espn_era_Chicago_Cubs_Matthew_Boyd
2025-04-16 17:05:25,773 - espn_live_data_api - ERROR - Error fetching today's games: 'id'
2025-04-16 17:05:25,774 - espn_live_data_api - ERROR - Could not find pitcher Matthew Boyd for team Chicago Cubs in today's games
2025-04-16 17:05:25,774 - integrated_espn_data_api - INFO - Cleared cache for pitcher_era_San_Diego_Padres_Nick_Pivetta
2025-04-16 17:05:25,774 - espn_direct_scraper - INFO - Using cached data for espn_era_San_Diego_Padres_Nick_Pivetta
2025-04-16 17:05:25,774 - integrated_espn_data_api - INFO - Got ERA for Nick Pivetta (San Diego Padres) from ESPN Direct Scraper: 3.17
2025-04-16 17:05:25,774 - integrated_espn_data_api - INFO - Saved data to cache for pitcher_era_San_Diego_Padres_Nick_Pivetta
2025-04-16 17:05:25,775 - espn_direct_scraper - INFO - Using cached data for espn_era_San_Diego_Padres_Nick_Pivetta
2025-04-16 17:05:25,813 - espn_live_data_api - ERROR - Error fetching today's games: 'id'
2025-04-16 17:05:25,814 - espn_live_data_api - ERROR - Could not find pitcher Nick Pivetta for team San Diego Padres in today's games
2025-04-16 17:05:25,815 - integrated_espn_data_api - INFO - Cleared cache for pitcher_era_New_York_Yankees_Gerrit_Cole
2025-04-16 17:05:25,815 - espn_direct_scraper - INFO - Using cached data for espn_era_New_York_Yankees_Gerrit_Cole
2025-04-16 17:05:25,815 - integrated_espn_data_api - INFO - Got ERA for Gerrit Cole (New York Yankees) from ESPN Direct Scraper: 2.63
2025-04-16 17:05:25,815 - integrated_espn_data_api - INFO - Saved data to cache for pitcher_era_New_York_Yankees_Gerrit_Cole
2025-04-16 17:05:25,815 - espn_direct_scraper - INFO - Using cached data for espn_era_New_York_Yankees_Gerrit_Cole
2025-04-16 17:05:25,842 - espn_live_data_api - ERROR - Error fetching today's games: 'id'
2025-04-16 17:05:25,843 - espn_live_data_api - ERROR - Could not find pitcher Gerrit Cole for team New York Yankees in today's games
2025-04-16 17:05:25,843 - integrated_espn_data_api - INFO - Cleared cache for pitcher_era_Los_Angeles_Dodgers_Clayton_Kershaw
2025-04-16 17:05:25,843 - espn_direct_scraper - INFO - Using cached data for espn_era_Los_Angeles_Dodgers_Clayton_Kershaw
2025-04-16 17:05:25,844 - integrated_espn_data_api - INFO - Got ERA for Clayton Kershaw (Los Angeles Dodgers) from ESPN Direct Scraper: 3.21
2025-04-16 17:05:25,844 - integrated_espn_data_api - INFO - Saved data to cache for pitcher_era_Los_Angeles_Dodgers_Clayton_Kershaw
2025-04-16 17:05:25,844 - espn_direct_scraper - INFO - Using cached data for espn_era_Los_Angeles_Dodgers_Clayton_Kershaw
2025-04-16 17:05:25,866 - espn_live_data_api - ERROR - Error fetching today's games: 'id'
2025-04-16 17:05:25,867 - espn_live_data_api - ERROR - Could not find pitcher Clayton Kershaw for team Los Angeles Dodgers in today's games
2025-04-16 17:05:25,867 - integrated_espn_data_api - INFO - Cleared cache for pitcher_era_Boston_Red_Sox_Chris_Sale
2025-04-16 17:05:25,867 - espn_direct_scraper - INFO - Using cached data for espn_era_Boston_Red_Sox_Chris_Sale
2025-04-16 17:05:25,867 - integrated_espn_data_api - INFO - Got ERA for Chris Sale (Boston Red Sox) from ESPN Direct Scraper: 3.84
2025-04-16 17:05:25,867 - integrated_espn_data_api - INFO - Saved data to cache for pitcher_era_Boston_Red_Sox_Chris_Sale
2025-04-16 17:05:25,868 - espn_direct_scraper - INFO - Using cached data for espn_era_Boston_Red_Sox_Chris_Sale
2025-04-16 17:05:25,897 - espn_live_data_api - ERROR - Error fetching today's games: 'id'
2025-04-16 17:05:25,898 - espn_live_data_api - ERROR - Could not find pitcher Chris Sale for team Boston Red Sox in today's games
2025-04-16 17:05:25,899 - integrated_espn_data_api - INFO - Cleared cache for pitcher_era_Houston_Astros_Justin_Verlander
2025-04-16 17:05:25,899 - espn_direct_scraper - INFO - Using cached data for espn_era_Houston_Astros_Justin_Verlander
2025-04-16 17:05:25,899 - integrated_espn_data_api - INFO - Got ERA for Justin Verlander (Houston Astros) from ESPN Direct Scraper: 3.15
2025-04-16 17:05:25,899 - integrated_espn_data_api - INFO - Saved data to cache for pitcher_era_Houston_Astros_Justin_Verlander
2025-04-16 17:05:25,899 - espn_direct_scraper - INFO - Using cached data for espn_era_Houston_Astros_Justin_Verlander
2025-04-16 17:05:25,924 - espn_live_data_api - ERROR - Error fetching today's games: 'id'
2025-04-16 17:05:25,925 - espn_live_data_api - ERROR - Could not find pitcher Justin Verlander for team Houston Astros in today's games
2025-04-16 17:05:25,926 - integrated_espn_data_api - INFO - Cleared cache for pitcher_era_New_York_Mets_Max_Scherzer
2025-04-16 17:05:25,926 - espn_direct_scraper - INFO - Using cached data for espn_era_New_York_Mets_Max_Scherzer
2025-04-16 17:05:25,926 - integrated_espn_data_api - INFO - Got ERA for Max Scherzer (New York Mets) from ESPN Direct Scraper: 3.38
2025-04-16 17:05:25,926 - integrated_espn_data_api - INFO - Saved data to cache for pitcher_era_New_York_Mets_Max_Scherzer
2025-04-16 17:05:25,926 - espn_direct_scraper - INFO - Using cached data for espn_era_New_York_Mets_Max_Scherzer
2025-04-16 17:05:25,965 - espn_live_data_api - ERROR - Error fetching today's games: 'id'
2025-04-16 17:05:25,966 - espn_live_data_api - ERROR - Could not find pitcher Max Scherzer for team New York Mets in today's games
2025-04-16 17:05:25,966 - integrated_espn_data_api - INFO - Cleared cache for pitcher_era_Texas_Rangers_Jacob_deGrom
2025-04-16 17:05:25,967 - espn_direct_scraper - INFO - Using cached data for espn_era_Texas_Rangers_Jacob_deGrom
2025-04-16 17:05:25,967 - integrated_espn_data_api - INFO - Got ERA for Jacob deGrom (Texas Rangers) from ESPN Direct Scraper: 2.45
2025-04-16 17:05:25,967 - integrated_espn_data_api - INFO - Saved data to cache for pitcher_era_Texas_Rangers_Jacob_deGrom
2025-04-16 17:05:25,967 - espn_direct_scraper - INFO - Using cached data for espn_era_Texas_Rangers_Jacob_deGrom
2025-04-16 17:05:25,991 - espn_live_data_api - ERROR - Error fetching today's games: 'id'
2025-04-16 17:05:25,993 - espn_live_data_api - ERROR - Could not find pitcher Jacob deGrom for team Texas Rangers in today's games
2025-04-16 17:05:25,993 - integrated_espn_data_api - INFO - Cleared cache for pitcher_era_Cleveland_Guardians_Shane_Bieber
2025-04-16 17:05:25,993 - espn_direct_scraper - INFO - Using cached data for espn_era_Cleveland_Guardians_Shane_Bieber
2025-04-16 17:05:25,993 - integrated_espn_data_api - INFO - Got ERA for Shane Bieber (Cleveland Guardians) from ESPN Direct Scraper: 3.52
2025-04-16 17:05:25,993 - integrated_espn_data_api - INFO - Saved data to cache for pitcher_era_Cleveland_Guardians_Shane_Bieber
2025-04-16 17:05:25,993 - espn_direct_scraper - INFO - Using cached data for espn_era_Cleveland_Guardians_Shane_Bieber
2025-04-16 17:05:26,021 - espn_live_data_api - ERROR - Error fetching today's games: 'id'
2025-04-16 17:05:26,022 - espn_live_data_api - ERROR - Could not find pitcher Shane Bieber for team Cleveland Guardians in today's games
2025-04-16 17:05:26,023 - integrated_espn_data_api - INFO - Cleared cache for pitcher_era_Philadelphia_Phillies_Zack_Wheeler
2025-04-16 17:05:26,023 - espn_direct_scraper - INFO - Using cached data for espn_era_Philadelphia_Phillies_Zack_Wheeler
2025-04-16 17:05:26,023 - integrated_espn_data_api - INFO - Got ERA for Zack Wheeler (Philadelphia Phillies) from ESPN Direct Scraper: 3.07
2025-04-16 17:05:26,023 - integrated_espn_data_api - INFO - Saved data to cache for pitcher_era_Philadelphia_Phillies_Zack_Wheeler
2025-04-16 17:05:26,023 - espn_direct_scraper - INFO - Using cached data for espn_era_Philadelphia_Phillies_Zack_Wheeler
2025-04-16 17:05:26,047 - espn_live_data_api - ERROR - Error fetching today's games: 'id'
2025-04-16 17:05:26,048 - espn_live_data_api - ERROR - Could not find pitcher Zack Wheeler for team Philadelphia Phillies in today's games
2025-04-16 17:05:26,048 - integrated_espn_data_api - INFO - Cleared cache for todays_games_enhanced
2025-04-16 17:05:26,074 - espn_live_data_api - ERROR - Error fetching today's games: 'id'
2025-04-16 17:05:26,075 - integrated_espn_data_api - INFO - Saved data to cache for todays_games_enhanced
2025-04-16 17:05:26,075 - integrated_espn_data_api - INFO - Cleared cache for all_game_data
2025-04-16 17:05:26,075 - integrated_espn_data_api - INFO - Cleared cache for todays_games_enhanced
2025-04-16 17:05:26,115 - espn_live_data_api - ERROR - Error fetching today's games: 'id'
2025-04-16 17:05:26,116 - integrated_espn_data_api - INFO - Saved data to cache for todays_games_enhanced
2025-04-16 17:05:26,116 - integrated_espn_data_api - INFO - Saved data to cache for all_game_data
2025-04-16 17:06:31,781 - espn_direct_scraper - INFO - Fetching team roster from https://www.espn.com/mlb/team/roster/_/name/chc
2025-04-16 17:06:32,062 - espn_direct_scraper - INFO - Saved data to cache for espn_roster_chc
2025-04-16 17:06:32,062 - espn_direct_scraper - INFO - Found 26 players for Chicago Cubs
2025-04-16 17:06:32,062 - espn_direct_scraper - INFO - Fetching player page from https://www.espn.com/mlb/player/_/id/34401
2025-04-16 17:06:32,197 - espn_direct_scraper - WARNING - ERA not found for Matthew Boyd
2025-04-16 17:06:32,198 - espn_direct_scraper - INFO - Fetching team stats from https://www.espn.com/mlb/team/stats/_/name/chc/view/pitching
2025-04-16 17:06:32,585 - espn_direct_scraper - WARNING - Pitcher Matthew Boyd not found on team stats page
2025-04-16 17:06:32,585 - espn_direct_scraper - INFO - Searching for pitcher on stats page: https://www.espn.com/mlb/stats/player/_/view/pitching
2025-04-16 17:06:32,913 - espn_direct_scraper - WARNING - Pitcher Matthew Boyd not found on stats page
2025-04-16 17:06:32,914 - espn_direct_scraper - INFO - Searching for pitcher at https://www.espn.com/mlb/players/search?search=Matthew+Boyd
2025-04-16 17:06:32,939 - espn_direct_scraper - ERROR - Error searching for pitcher: 404
2025-04-16 17:06:32,940 - espn_direct_scraper - WARNING - Could not find ERA for Matthew Boyd (Chicago Cubs) with any method
2025-04-16 17:06:32,940 - espn_direct_scraper - INFO - Saved data to cache for espn_era_Chicago_Cubs_Matthew_Boyd
2025-04-16 17:06:33,060 - espn_live_data_api - ERROR - Error fetching today's games: 'id'
2025-04-16 17:06:33,061 - espn_live_data_api - ERROR - Could not find pitcher Matthew Boyd for team Chicago Cubs in today's games
2025-04-16 17:06:33,061 - integrated_espn_data_api - WARNING - Could not find ERA for Matthew Boyd (Chicago Cubs)
2025-04-16 17:06:33,063 - integrated_espn_data_api - INFO - Saved data to cache for pitcher_era_Chicago_Cubs_Matthew_Boyd
2025-04-16 17:06:33,063 - espn_direct_scraper - INFO - Cleared cache for espn_era_Chicago_Cubs_Matthew_Boyd
2025-04-16 17:06:33,063 - espn_direct_scraper - INFO - Using cached data for espn_roster_chc
2025-04-16 17:06:33,063 - espn_direct_scraper - INFO - Fetching player page from https://www.espn.com/mlb/player/_/id/34401
2025-04-16 17:06:33,187 - espn_direct_scraper - WARNING - ERA not found for Matthew Boyd
2025-04-16 17:06:33,188 - espn_direct_scraper - INFO - Fetching team stats from https://www.espn.com/mlb/team/stats/_/name/chc/view/pitching
2025-04-16 17:06:33,519 - espn_direct_scraper - WARNING - Pitcher Matthew Boyd not found on team stats page
2025-04-16 17:06:33,520 - espn_direct_scraper - INFO - Searching for pitcher on stats page: https://www.espn.com/mlb/stats/player/_/view/pitching
2025-04-16 17:06:33,683 - espn_direct_scraper - WARNING - Pitcher Matthew Boyd not found on stats page
2025-04-16 17:06:33,684 - espn_direct_scraper - INFO - Searching for pitcher at https://www.espn.com/mlb/players/search?search=Matthew+Boyd
2025-04-16 17:06:33,711 - espn_direct_scraper - ERROR - Error searching for pitcher: 404
2025-04-16 17:06:33,712 - espn_direct_scraper - WARNING - Could not find ERA for Matthew Boyd (Chicago Cubs) with any method
2025-04-16 17:06:33,712 - espn_direct_scraper - INFO - Saved data to cache for espn_era_Chicago_Cubs_Matthew_Boyd
2025-04-16 17:06:33,742 - espn_live_data_api - ERROR - Error fetching today's games: 'id'
2025-04-16 17:06:33,743 - espn_live_data_api - ERROR - Could not find pitcher Matthew Boyd for team Chicago Cubs in today's games
2025-04-16 17:06:33,743 - espn_direct_scraper - INFO - Fetching team roster from https://www.espn.com/mlb/team/roster/_/name/sd
2025-04-16 17:06:34,084 - espn_direct_scraper - INFO - Saved data to cache for espn_roster_sd
2025-04-16 17:06:34,084 - espn_direct_scraper - INFO - Found 26 players for San Diego Padres
2025-04-16 17:06:34,085 - espn_direct_scraper - INFO - Fetching player page from https://www.espn.com/mlb/player/_/id/36071
2025-04-16 17:06:34,503 - espn_direct_scraper - WARNING - ERA not found for Nick Pivetta
2025-04-16 17:06:34,504 - espn_direct_scraper - INFO - Fetching team stats from https://www.espn.com/mlb/team/stats/_/name/sd/view/pitching
2025-04-16 17:06:34,889 - espn_direct_scraper - WARNING - Pitcher Nick Pivetta not found on team stats page
2025-04-16 17:06:34,890 - espn_direct_scraper - INFO - Searching for pitcher on stats page: https://www.espn.com/mlb/stats/player/_/view/pitching
2025-04-16 17:06:35,052 - espn_direct_scraper - WARNING - Pitcher Nick Pivetta not found on stats page
2025-04-16 17:06:35,052 - espn_direct_scraper - INFO - Searching for pitcher at https://www.espn.com/mlb/players/search?search=Nick+Pivetta
2025-04-16 17:06:35,076 - espn_direct_scraper - ERROR - Error searching for pitcher: 404
2025-04-16 17:06:35,077 - espn_direct_scraper - WARNING - Could not find ERA for Nick Pivetta (San Diego Padres) with any method
2025-04-16 17:06:35,077 - espn_direct_scraper - INFO - Saved data to cache for espn_era_San_Diego_Padres_Nick_Pivetta
2025-04-16 17:06:35,108 - espn_live_data_api - ERROR - Error fetching today's games: 'id'
2025-04-16 17:06:35,109 - espn_live_data_api - ERROR - Could not find pitcher Nick Pivetta for team San Diego Padres in today's games
2025-04-16 17:06:35,109 - integrated_espn_data_api - WARNING - Could not find ERA for Nick Pivetta (San Diego Padres)
2025-04-16 17:06:35,109 - integrated_espn_data_api - INFO - Saved data to cache for pitcher_era_San_Diego_Padres_Nick_Pivetta
2025-04-16 17:06:35,110 - espn_direct_scraper - INFO - Cleared cache for espn_era_San_Diego_Padres_Nick_Pivetta
2025-04-16 17:06:35,110 - espn_direct_scraper - INFO - Using cached data for espn_roster_sd
2025-04-16 17:06:35,110 - espn_direct_scraper - INFO - Fetching player page from https://www.espn.com/mlb/player/_/id/36071
2025-04-16 17:06:35,229 - espn_direct_scraper - WARNING - ERA not found for Nick Pivetta
2025-04-16 17:06:35,230 - espn_direct_scraper - INFO - Fetching team stats from https://www.espn.com/mlb/team/stats/_/name/sd/view/pitching
2025-04-16 17:06:35,531 - espn_direct_scraper - WARNING - Pitcher Nick Pivetta not found on team stats page
2025-04-16 17:06:35,531 - espn_direct_scraper - INFO - Searching for pitcher on stats page: https://www.espn.com/mlb/stats/player/_/view/pitching
2025-04-16 17:06:35,901 - espn_direct_scraper - WARNING - Pitcher Nick Pivetta not found on stats page
2025-04-16 17:06:35,901 - espn_direct_scraper - INFO - Searching for pitcher at https://www.espn.com/mlb/players/search?search=Nick+Pivetta
2025-04-16 17:06:35,925 - espn_direct_scraper - ERROR - Error searching for pitcher: 404
2025-04-16 17:06:35,926 - espn_direct_scraper - WARNING - Could not find ERA for Nick Pivetta (San Diego Padres) with any method
2025-04-16 17:06:35,926 - espn_direct_scraper - INFO - Saved data to cache for espn_era_San_Diego_Padres_Nick_Pivetta
2025-04-16 17:06:35,948 - espn_live_data_api - ERROR - Error fetching today's games: 'id'
2025-04-16 17:06:35,949 - espn_live_data_api - ERROR - Could not find pitcher Nick Pivetta for team San Diego Padres in today's games
2025-04-16 17:06:35,949 - espn_direct_scraper - INFO - Fetching team roster from https://www.espn.com/mlb/team/roster/_/name/nyy
2025-04-16 17:06:36,221 - espn_direct_scraper - INFO - Saved data to cache for espn_roster_nyy
2025-04-16 17:06:36,221 - espn_direct_scraper - INFO - Found 26 players for New York Yankees
2025-04-16 17:06:36,222 - espn_direct_scraper - WARNING - Pitcher Gerrit Cole not found in New York Yankees roster
2025-04-16 17:06:36,222 - espn_direct_scraper - INFO - Fetching team stats from https://www.espn.com/mlb/team/stats/_/name/nyy/view/pitching
2025-04-16 17:06:36,563 - espn_direct_scraper - WARNING - Pitcher Gerrit Cole not found on team stats page
2025-04-16 17:06:36,564 - espn_direct_scraper - INFO - Searching for pitcher on stats page: https://www.espn.com/mlb/stats/player/_/view/pitching
2025-04-16 17:06:36,716 - espn_direct_scraper - WARNING - Pitcher Gerrit Cole not found on stats page
2025-04-16 17:06:36,717 - espn_direct_scraper - INFO - Searching for pitcher at https://www.espn.com/mlb/players/search?search=Gerrit+Cole
2025-04-16 17:06:36,742 - espn_direct_scraper - ERROR - Error searching for pitcher: 404
2025-04-16 17:06:36,743 - espn_direct_scraper - WARNING - Could not find ERA for Gerrit Cole (New York Yankees) with any method
2025-04-16 17:06:36,743 - espn_direct_scraper - INFO - Saved data to cache for espn_era_New_York_Yankees_Gerrit_Cole
2025-04-16 17:06:36,765 - espn_live_data_api - ERROR - Error fetching today's games: 'id'
2025-04-16 17:06:36,766 - espn_live_data_api - ERROR - Could not find pitcher Gerrit Cole for team New York Yankees in today's games
2025-04-16 17:06:36,767 - integrated_espn_data_api - WARNING - Could not find ERA for Gerrit Cole (New York Yankees)
2025-04-16 17:06:36,767 - integrated_espn_data_api - INFO - Saved data to cache for pitcher_era_New_York_Yankees_Gerrit_Cole
2025-04-16 17:06:36,767 - espn_direct_scraper - INFO - Cleared cache for espn_era_New_York_Yankees_Gerrit_Cole
2025-04-16 17:06:36,767 - espn_direct_scraper - INFO - Using cached data for espn_roster_nyy
2025-04-16 17:06:36,767 - espn_direct_scraper - WARNING - Pitcher Gerrit Cole not found in New York Yankees roster
2025-04-16 17:06:36,767 - espn_direct_scraper - INFO - Fetching team stats from https://www.espn.com/mlb/team/stats/_/name/nyy/view/pitching
2025-04-16 17:06:36,904 - espn_direct_scraper - WARNING - Pitcher Gerrit Cole not found on team stats page
2025-04-16 17:06:36,904 - espn_direct_scraper - INFO - Searching for pitcher on stats page: https://www.espn.com/mlb/stats/player/_/view/pitching
2025-04-16 17:06:37,057 - espn_direct_scraper - WARNING - Pitcher Gerrit Cole not found on stats page
2025-04-16 17:06:37,058 - espn_direct_scraper - INFO - Searching for pitcher at https://www.espn.com/mlb/players/search?search=Gerrit+Cole
2025-04-16 17:06:37,089 - espn_direct_scraper - ERROR - Error searching for pitcher: 404
2025-04-16 17:06:37,089 - espn_direct_scraper - WARNING - Could not find ERA for Gerrit Cole (New York Yankees) with any method
2025-04-16 17:06:37,090 - espn_direct_scraper - INFO - Saved data to cache for espn_era_New_York_Yankees_Gerrit_Cole
2025-04-16 17:06:37,114 - espn_live_data_api - ERROR - Error fetching today's games: 'id'
2025-04-16 17:06:37,115 - espn_live_data_api - ERROR - Could not find pitcher Gerrit Cole for team New York Yankees in today's games
2025-04-16 17:06:37,115 - espn_direct_scraper - INFO - Fetching team roster from https://www.espn.com/mlb/team/roster/_/name/lad
2025-04-16 17:06:37,395 - espn_direct_scraper - INFO - Saved data to cache for espn_roster_lad
2025-04-16 17:06:37,395 - espn_direct_scraper - INFO - Found 26 players for Los Angeles Dodgers
2025-04-16 17:06:37,395 - espn_direct_scraper - WARNING - Pitcher Clayton Kershaw not found in Los Angeles Dodgers roster
2025-04-16 17:06:37,395 - espn_direct_scraper - INFO - Fetching team stats from https://www.espn.com/mlb/team/stats/_/name/lad/view/pitching
2025-04-16 17:06:37,759 - espn_direct_scraper - WARNING - Pitcher Clayton Kershaw not found on team stats page
2025-04-16 17:06:37,760 - espn_direct_scraper - INFO - Searching for pitcher on stats page: https://www.espn.com/mlb/stats/player/_/view/pitching
2025-04-16 17:06:37,915 - espn_direct_scraper - WARNING - Pitcher Clayton Kershaw not found on stats page
2025-04-16 17:06:37,915 - espn_direct_scraper - INFO - Searching for pitcher at https://www.espn.com/mlb/players/search?search=Clayton+Kershaw
2025-04-16 17:06:37,944 - espn_direct_scraper - ERROR - Error searching for pitcher: 404
2025-04-16 17:06:37,944 - espn_direct_scraper - WARNING - Could not find ERA for Clayton Kershaw (Los Angeles Dodgers) with any method
2025-04-16 17:06:37,944 - espn_direct_scraper - INFO - Saved data to cache for espn_era_Los_Angeles_Dodgers_Clayton_Kershaw
2025-04-16 17:06:38,024 - espn_live_data_api - ERROR - Error fetching today's games: 'id'
2025-04-16 17:06:38,026 - espn_live_data_api - ERROR - Could not find pitcher Clayton Kershaw for team Los Angeles Dodgers in today's games
2025-04-16 17:06:38,026 - integrated_espn_data_api - WARNING - Could not find ERA for Clayton Kershaw (Los Angeles Dodgers)
2025-04-16 17:06:38,026 - integrated_espn_data_api - INFO - Saved data to cache for pitcher_era_Los_Angeles_Dodgers_Clayton_Kershaw
2025-04-16 17:06:38,026 - espn_direct_scraper - INFO - Cleared cache for espn_era_Los_Angeles_Dodgers_Clayton_Kershaw
2025-04-16 17:06:38,026 - espn_direct_scraper - INFO - Using cached data for espn_roster_lad
2025-04-16 17:06:38,026 - espn_direct_scraper - WARNING - Pitcher Clayton Kershaw not found in Los Angeles Dodgers roster
2025-04-16 17:06:38,026 - espn_direct_scraper - INFO - Fetching team stats from https://www.espn.com/mlb/team/stats/_/name/lad/view/pitching
2025-04-16 17:06:38,376 - espn_direct_scraper - WARNING - Pitcher Clayton Kershaw not found on team stats page
2025-04-16 17:06:38,377 - espn_direct_scraper - INFO - Searching for pitcher on stats page: https://www.espn.com/mlb/stats/player/_/view/pitching
2025-04-16 17:06:38,530 - espn_direct_scraper - WARNING - Pitcher Clayton Kershaw not found on stats page
2025-04-16 17:06:38,531 - espn_direct_scraper - INFO - Searching for pitcher at https://www.espn.com/mlb/players/search?search=Clayton+Kershaw
2025-04-16 17:06:38,560 - espn_direct_scraper - ERROR - Error searching for pitcher: 404
2025-04-16 17:06:38,560 - espn_direct_scraper - WARNING - Could not find ERA for Clayton Kershaw (Los Angeles Dodgers) with any method
2025-04-16 17:06:38,561 - espn_direct_scraper - INFO - Saved data to cache for espn_era_Los_Angeles_Dodgers_Clayton_Kershaw
2025-04-16 17:06:38,589 - espn_live_data_api - ERROR - Error fetching today's games: 'id'
2025-04-16 17:06:38,590 - espn_live_data_api - ERROR - Could not find pitcher Clayton Kershaw for team Los Angeles Dodgers in today's games
2025-04-16 17:06:38,590 - espn_direct_scraper - INFO - Fetching team roster from https://www.espn.com/mlb/team/roster/_/name/bos
2025-04-16 17:06:38,857 - espn_direct_scraper - INFO - Saved data to cache for espn_roster_bos
2025-04-16 17:06:38,857 - espn_direct_scraper - INFO - Found 26 players for Boston Red Sox
2025-04-16 17:06:38,858 - espn_direct_scraper - WARNING - Pitcher Chris Sale not found in Boston Red Sox roster
2025-04-16 17:06:38,858 - espn_direct_scraper - INFO - Fetching team stats from https://www.espn.com/mlb/team/stats/_/name/bos/view/pitching
2025-04-16 17:06:39,166 - espn_direct_scraper - WARNING - Pitcher Chris Sale not found on team stats page
2025-04-16 17:06:39,166 - espn_direct_scraper - INFO - Searching for pitcher on stats page: https://www.espn.com/mlb/stats/player/_/view/pitching
2025-04-16 17:06:39,318 - espn_direct_scraper - WARNING - Pitcher Chris Sale not found on stats page
2025-04-16 17:06:39,319 - espn_direct_scraper - INFO - Searching for pitcher at https://www.espn.com/mlb/players/search?search=Chris+Sale
2025-04-16 17:06:39,345 - espn_direct_scraper - ERROR - Error searching for pitcher: 404
2025-04-16 17:06:39,345 - espn_direct_scraper - WARNING - Could not find ERA for Chris Sale (Boston Red Sox) with any method
2025-04-16 17:06:39,346 - espn_direct_scraper - INFO - Saved data to cache for espn_era_Boston_Red_Sox_Chris_Sale
2025-04-16 17:06:39,386 - espn_live_data_api - ERROR - Error fetching today's games: 'id'
2025-04-16 17:06:39,387 - espn_live_data_api - ERROR - Could not find pitcher Chris Sale for team Boston Red Sox in today's games
2025-04-16 17:06:39,387 - integrated_espn_data_api - WARNING - Could not find ERA for Chris Sale (Boston Red Sox)
2025-04-16 17:06:39,387 - integrated_espn_data_api - INFO - Saved data to cache for pitcher_era_Boston_Red_Sox_Chris_Sale
2025-04-16 17:06:39,388 - espn_direct_scraper - INFO - Cleared cache for espn_era_Boston_Red_Sox_Chris_Sale
2025-04-16 17:06:39,388 - espn_direct_scraper - INFO - Using cached data for espn_roster_bos
2025-04-16 17:06:39,388 - espn_direct_scraper - WARNING - Pitcher Chris Sale not found in Boston Red Sox roster
2025-04-16 17:06:39,388 - espn_direct_scraper - INFO - Fetching team stats from https://www.espn.com/mlb/team/stats/_/name/bos/view/pitching
2025-04-16 17:06:39,526 - espn_direct_scraper - WARNING - Pitcher Chris Sale not found on team stats page
2025-04-16 17:06:39,527 - espn_direct_scraper - INFO - Searching for pitcher on stats page: https://www.espn.com/mlb/stats/player/_/view/pitching
2025-04-16 17:06:39,722 - espn_direct_scraper - WARNING - Pitcher Chris Sale not found on stats page
2025-04-16 17:06:39,723 - espn_direct_scraper - INFO - Searching for pitcher at https://www.espn.com/mlb/players/search?search=Chris+Sale
2025-04-16 17:06:39,752 - espn_direct_scraper - ERROR - Error searching for pitcher: 404
2025-04-16 17:06:39,752 - espn_direct_scraper - WARNING - Could not find ERA for Chris Sale (Boston Red Sox) with any method
2025-04-16 17:06:39,753 - espn_direct_scraper - INFO - Saved data to cache for espn_era_Boston_Red_Sox_Chris_Sale
2025-04-16 17:06:39,778 - espn_live_data_api - ERROR - Error fetching today's games: 'id'
2025-04-16 17:06:39,779 - espn_live_data_api - ERROR - Could not find pitcher Chris Sale for team Boston Red Sox in today's games
2025-04-16 17:06:39,779 - espn_direct_scraper - INFO - Fetching team roster from https://www.espn.com/mlb/team/roster/_/name/hou
2025-04-16 17:06:40,369 - espn_direct_scraper - INFO - Saved data to cache for espn_roster_hou
2025-04-16 17:06:40,369 - espn_direct_scraper - INFO - Found 27 players for Houston Astros
2025-04-16 17:06:40,370 - espn_direct_scraper - WARNING - Pitcher Justin Verlander not found in Houston Astros roster
2025-04-16 17:06:40,370 - espn_direct_scraper - INFO - Fetching team stats from https://www.espn.com/mlb/team/stats/_/name/hou/view/pitching
2025-04-16 17:06:40,810 - espn_direct_scraper - WARNING - Pitcher Justin Verlander not found on team stats page
2025-04-16 17:06:40,811 - espn_direct_scraper - INFO - Searching for pitcher on stats page: https://www.espn.com/mlb/stats/player/_/view/pitching
2025-04-16 17:06:40,958 - espn_direct_scraper - WARNING - Pitcher Justin Verlander not found on stats page
2025-04-16 17:06:40,958 - espn_direct_scraper - INFO - Searching for pitcher at https://www.espn.com/mlb/players/search?search=Justin+Verlander
2025-04-16 17:06:40,983 - espn_direct_scraper - ERROR - Error searching for pitcher: 404
2025-04-16 17:06:40,984 - espn_direct_scraper - WARNING - Could not find ERA for Justin Verlander (Houston Astros) with any method
2025-04-16 17:06:40,984 - espn_direct_scraper - INFO - Saved data to cache for espn_era_Houston_Astros_Justin_Verlander
2025-04-16 17:06:41,004 - espn_live_data_api - ERROR - Error fetching today's games: 'id'
2025-04-16 17:06:41,005 - espn_live_data_api - ERROR - Could not find pitcher Justin Verlander for team Houston Astros in today's games
2025-04-16 17:06:41,005 - integrated_espn_data_api - WARNING - Could not find ERA for Justin Verlander (Houston Astros)
2025-04-16 17:06:41,005 - integrated_espn_data_api - INFO - Saved data to cache for pitcher_era_Houston_Astros_Justin_Verlander
2025-04-16 17:06:41,006 - espn_direct_scraper - INFO - Cleared cache for espn_era_Houston_Astros_Justin_Verlander
2025-04-16 17:06:41,006 - espn_direct_scraper - INFO - Using cached data for espn_roster_hou
2025-04-16 17:06:41,006 - espn_direct_scraper - WARNING - Pitcher Justin Verlander not found in Houston Astros roster
2025-04-16 17:06:41,006 - espn_direct_scraper - INFO - Fetching team stats from https://www.espn.com/mlb/team/stats/_/name/hou/view/pitching
2025-04-16 17:06:41,135 - espn_direct_scraper - WARNING - Pitcher Justin Verlander not found on team stats page
2025-04-16 17:06:41,136 - espn_direct_scraper - INFO - Searching for pitcher on stats page: https://www.espn.com/mlb/stats/player/_/view/pitching
2025-04-16 17:06:41,280 - espn_direct_scraper - WARNING - Pitcher Justin Verlander not found on stats page
2025-04-16 17:06:41,281 - espn_direct_scraper - INFO - Searching for pitcher at https://www.espn.com/mlb/players/search?search=Justin+Verlander
2025-04-16 17:06:41,310 - espn_direct_scraper - ERROR - Error searching for pitcher: 404
2025-04-16 17:06:41,310 - espn_direct_scraper - WARNING - Could not find ERA for Justin Verlander (Houston Astros) with any method
2025-04-16 17:06:41,311 - espn_direct_scraper - INFO - Saved data to cache for espn_era_Houston_Astros_Justin_Verlander
2025-04-16 17:06:41,332 - espn_live_data_api - ERROR - Error fetching today's games: 'id'
2025-04-16 17:06:41,333 - espn_live_data_api - ERROR - Could not find pitcher Justin Verlander for team Houston Astros in today's games
2025-04-16 17:06:41,333 - espn_direct_scraper - INFO - Fetching team roster from https://www.espn.com/mlb/team/roster/_/name/nym
2025-04-16 17:06:41,635 - espn_direct_scraper - INFO - Saved data to cache for espn_roster_nym
2025-04-16 17:06:41,635 - espn_direct_scraper - INFO - Found 26 players for New York Mets
2025-04-16 17:06:41,636 - espn_direct_scraper - WARNING - Pitcher Max Scherzer not found in New York Mets roster
2025-04-16 17:06:41,636 - espn_direct_scraper - INFO - Fetching team stats from https://www.espn.com/mlb/team/stats/_/name/nym/view/pitching
2025-04-16 17:06:41,946 - espn_direct_scraper - WARNING - Pitcher Max Scherzer not found on team stats page
2025-04-16 17:06:41,947 - espn_direct_scraper - INFO - Searching for pitcher on stats page: https://www.espn.com/mlb/stats/player/_/view/pitching
2025-04-16 17:06:42,093 - espn_direct_scraper - WARNING - Pitcher Max Scherzer not found on stats page
2025-04-16 17:06:42,094 - espn_direct_scraper - INFO - Searching for pitcher at https://www.espn.com/mlb/players/search?search=Max+Scherzer
2025-04-16 17:06:42,122 - espn_direct_scraper - ERROR - Error searching for pitcher: 404
2025-04-16 17:06:42,123 - espn_direct_scraper - WARNING - Could not find ERA for Max Scherzer (New York Mets) with any method
2025-04-16 17:06:42,123 - espn_direct_scraper - INFO - Saved data to cache for espn_era_New_York_Mets_Max_Scherzer
2025-04-16 17:06:42,156 - espn_live_data_api - ERROR - Error fetching today's games: 'id'
2025-04-16 17:06:42,157 - espn_live_data_api - ERROR - Could not find pitcher Max Scherzer for team New York Mets in today's games
2025-04-16 17:06:42,157 - integrated_espn_data_api - WARNING - Could not find ERA for Max Scherzer (New York Mets)
2025-04-16 17:06:42,158 - integrated_espn_data_api - INFO - Saved data to cache for pitcher_era_New_York_Mets_Max_Scherzer
2025-04-16 17:06:42,158 - espn_direct_scraper - INFO - Cleared cache for espn_era_New_York_Mets_Max_Scherzer
2025-04-16 17:06:42,158 - espn_direct_scraper - INFO - Using cached data for espn_roster_nym
2025-04-16 17:06:42,158 - espn_direct_scraper - WARNING - Pitcher Max Scherzer not found in New York Mets roster
2025-04-16 17:06:42,158 - espn_direct_scraper - INFO - Fetching team stats from https://www.espn.com/mlb/team/stats/_/name/nym/view/pitching
2025-04-16 17:06:42,294 - espn_direct_scraper - WARNING - Pitcher Max Scherzer not found on team stats page
2025-04-16 17:06:42,295 - espn_direct_scraper - INFO - Searching for pitcher on stats page: https://www.espn.com/mlb/stats/player/_/view/pitching
2025-04-16 17:06:42,444 - espn_direct_scraper - WARNING - Pitcher Max Scherzer not found on stats page
2025-04-16 17:06:42,444 - espn_direct_scraper - INFO - Searching for pitcher at https://www.espn.com/mlb/players/search?search=Max+Scherzer
2025-04-16 17:06:42,468 - espn_direct_scraper - ERROR - Error searching for pitcher: 404
2025-04-16 17:06:42,469 - espn_direct_scraper - WARNING - Could not find ERA for Max Scherzer (New York Mets) with any method
2025-04-16 17:06:42,469 - espn_direct_scraper - INFO - Saved data to cache for espn_era_New_York_Mets_Max_Scherzer
2025-04-16 17:06:42,493 - espn_live_data_api - ERROR - Error fetching today's games: 'id'
2025-04-16 17:06:42,494 - espn_live_data_api - ERROR - Could not find pitcher Max Scherzer for team New York Mets in today's games
2025-04-16 17:06:42,494 - espn_direct_scraper - INFO - Fetching team roster from https://www.espn.com/mlb/team/roster/_/name/tex
2025-04-16 17:06:42,835 - espn_direct_scraper - INFO - Saved data to cache for espn_roster_tex
2025-04-16 17:06:42,835 - espn_direct_scraper - INFO - Found 26 players for Texas Rangers
2025-04-16 17:06:42,836 - espn_direct_scraper - INFO - Fetching player page from https://www.espn.com/mlb/player/_/id/32796
2025-04-16 17:06:42,959 - espn_direct_scraper - WARNING - ERA not found for Jacob deGrom
2025-04-16 17:06:42,959 - espn_direct_scraper - INFO - Fetching team stats from https://www.espn.com/mlb/team/stats/_/name/tex/view/pitching
2025-04-16 17:06:43,307 - espn_direct_scraper - WARNING - Pitcher Jacob deGrom not found on team stats page
2025-04-16 17:06:43,307 - espn_direct_scraper - INFO - Searching for pitcher on stats page: https://www.espn.com/mlb/stats/player/_/view/pitching
2025-04-16 17:06:43,455 - espn_direct_scraper - WARNING - Pitcher Jacob deGrom not found on stats page
2025-04-16 17:06:43,455 - espn_direct_scraper - INFO - Searching for pitcher at https://www.espn.com/mlb/players/search?search=Jacob+deGrom
2025-04-16 17:06:43,484 - espn_direct_scraper - ERROR - Error searching for pitcher: 404
2025-04-16 17:06:43,484 - espn_direct_scraper - WARNING - Could not find ERA for Jacob deGrom (Texas Rangers) with any method
2025-04-16 17:06:43,485 - espn_direct_scraper - INFO - Saved data to cache for espn_era_Texas_Rangers_Jacob_deGrom
2025-04-16 17:06:43,526 - espn_live_data_api - ERROR - Error fetching today's games: 'id'
2025-04-16 17:06:43,527 - espn_live_data_api - ERROR - Could not find pitcher Jacob deGrom for team Texas Rangers in today's games
2025-04-16 17:06:43,527 - integrated_espn_data_api - WARNING - Could not find ERA for Jacob deGrom (Texas Rangers)
2025-04-16 17:06:43,527 - integrated_espn_data_api - INFO - Saved data to cache for pitcher_era_Texas_Rangers_Jacob_deGrom
2025-04-16 17:06:43,527 - espn_direct_scraper - INFO - Cleared cache for espn_era_Texas_Rangers_Jacob_deGrom
2025-04-16 17:06:43,527 - espn_direct_scraper - INFO - Using cached data for espn_roster_tex
2025-04-16 17:06:43,527 - espn_direct_scraper - INFO - Fetching player page from https://www.espn.com/mlb/player/_/id/32796
2025-04-16 17:06:44,275 - espn_direct_scraper - WARNING - ERA not found for Jacob deGrom
2025-04-16 17:06:44,276 - espn_direct_scraper - INFO - Fetching team stats from https://www.espn.com/mlb/team/stats/_/name/tex/view/pitching
2025-04-16 17:06:44,665 - espn_direct_scraper - WARNING - Pitcher Jacob deGrom not found on team stats page
2025-04-16 17:06:44,666 - espn_direct_scraper - INFO - Searching for pitcher on stats page: https://www.espn.com/mlb/stats/player/_/view/pitching
2025-04-16 17:06:44,813 - espn_direct_scraper - WARNING - Pitcher Jacob deGrom not found on stats page
2025-04-16 17:06:44,813 - espn_direct_scraper - INFO - Searching for pitcher at https://www.espn.com/mlb/players/search?search=Jacob+deGrom
2025-04-16 17:06:44,843 - espn_direct_scraper - ERROR - Error searching for pitcher: 404
2025-04-16 17:06:44,843 - espn_direct_scraper - WARNING - Could not find ERA for Jacob deGrom (Texas Rangers) with any method
2025-04-16 17:06:44,844 - espn_direct_scraper - INFO - Saved data to cache for espn_era_Texas_Rangers_Jacob_deGrom
2025-04-16 17:06:44,999 - espn_live_data_api - ERROR - Error fetching today's games: 'id'
2025-04-16 17:06:45,000 - espn_live_data_api - ERROR - Could not find pitcher Jacob deGrom for team Texas Rangers in today's games
2025-04-16 17:06:45,000 - espn_direct_scraper - INFO - Fetching team roster from https://www.espn.com/mlb/team/roster/_/name/cle
2025-04-16 17:06:45,331 - espn_direct_scraper - INFO - Saved data to cache for espn_roster_cle
2025-04-16 17:06:45,331 - espn_direct_scraper - INFO - Found 26 players for Cleveland Guardians
2025-04-16 17:06:45,331 - espn_direct_scraper - WARNING - Pitcher Shane Bieber not found in Cleveland Guardians roster
2025-04-16 17:06:45,332 - espn_direct_scraper - INFO - Fetching team stats from https://www.espn.com/mlb/team/stats/_/name/cle/view/pitching
2025-04-16 17:06:45,719 - espn_direct_scraper - WARNING - Pitcher Shane Bieber not found on team stats page
2025-04-16 17:06:45,720 - espn_direct_scraper - INFO - Searching for pitcher on stats page: https://www.espn.com/mlb/stats/player/_/view/pitching
2025-04-16 17:06:45,870 - espn_direct_scraper - WARNING - Pitcher Shane Bieber not found on stats page
2025-04-16 17:06:45,870 - espn_direct_scraper - INFO - Searching for pitcher at https://www.espn.com/mlb/players/search?search=Shane+Bieber
2025-04-16 17:06:45,968 - espn_direct_scraper - ERROR - Error searching for pitcher: 404
2025-04-16 17:06:45,969 - espn_direct_scraper - WARNING - Could not find ERA for Shane Bieber (Cleveland Guardians) with any method
2025-04-16 17:06:45,969 - espn_direct_scraper - INFO - Saved data to cache for espn_era_Cleveland_Guardians_Shane_Bieber
2025-04-16 17:06:45,990 - espn_live_data_api - ERROR - Error fetching today's games: 'id'
2025-04-16 17:06:45,991 - espn_live_data_api - ERROR - Could not find pitcher Shane Bieber for team Cleveland Guardians in today's games
2025-04-16 17:06:45,991 - integrated_espn_data_api - WARNING - Could not find ERA for Shane Bieber (Cleveland Guardians)
2025-04-16 17:06:45,991 - integrated_espn_data_api - INFO - Saved data to cache for pitcher_era_Cleveland_Guardians_Shane_Bieber
2025-04-16 17:06:45,991 - espn_direct_scraper - INFO - Cleared cache for espn_era_Cleveland_Guardians_Shane_Bieber
2025-04-16 17:06:45,991 - espn_direct_scraper - INFO - Using cached data for espn_roster_cle
2025-04-16 17:06:45,991 - espn_direct_scraper - WARNING - Pitcher Shane Bieber not found in Cleveland Guardians roster
2025-04-16 17:06:45,991 - espn_direct_scraper - INFO - Fetching team stats from https://www.espn.com/mlb/team/stats/_/name/cle/view/pitching
2025-04-16 17:06:46,127 - espn_direct_scraper - WARNING - Pitcher Shane Bieber not found on team stats page
2025-04-16 17:06:46,128 - espn_direct_scraper - INFO - Searching for pitcher on stats page: https://www.espn.com/mlb/stats/player/_/view/pitching
2025-04-16 17:06:46,274 - espn_direct_scraper - WARNING - Pitcher Shane Bieber not found on stats page
2025-04-16 17:06:46,274 - espn_direct_scraper - INFO - Searching for pitcher at https://www.espn.com/mlb/players/search?search=Shane+Bieber
2025-04-16 17:06:46,296 - espn_direct_scraper - ERROR - Error searching for pitcher: 404
2025-04-16 17:06:46,297 - espn_direct_scraper - WARNING - Could not find ERA for Shane Bieber (Cleveland Guardians) with any method
2025-04-16 17:06:46,297 - espn_direct_scraper - INFO - Saved data to cache for espn_era_Cleveland_Guardians_Shane_Bieber
2025-04-16 17:06:46,318 - espn_live_data_api - ERROR - Error fetching today's games: 'id'
2025-04-16 17:06:46,319 - espn_live_data_api - ERROR - Could not find pitcher Shane Bieber for team Cleveland Guardians in today's games
2025-04-16 17:06:46,320 - espn_direct_scraper - INFO - Fetching team roster from https://www.espn.com/mlb/team/roster/_/name/phi
2025-04-16 17:06:46,576 - espn_direct_scraper - INFO - Saved data to cache for espn_roster_phi
2025-04-16 17:06:46,577 - espn_direct_scraper - INFO - Found 26 players for Philadelphia Phillies
2025-04-16 17:06:46,577 - espn_direct_scraper - INFO - Fetching player page from https://www.espn.com/mlb/player/_/id/31267
2025-04-16 17:06:46,863 - espn_direct_scraper - WARNING - ERA not found for Zack Wheeler
2025-04-16 17:06:46,864 - espn_direct_scraper - INFO - Fetching team stats from https://www.espn.com/mlb/team/stats/_/name/phi/view/pitching
2025-04-16 17:06:47,155 - espn_direct_scraper - WARNING - Pitcher Zack Wheeler not found on team stats page
2025-04-16 17:06:47,155 - espn_direct_scraper - INFO - Searching for pitcher on stats page: https://www.espn.com/mlb/stats/player/_/view/pitching
2025-04-16 17:06:47,378 - espn_direct_scraper - WARNING - Pitcher Zack Wheeler not found on stats page
2025-04-16 17:06:47,379 - espn_direct_scraper - INFO - Searching for pitcher at https://www.espn.com/mlb/players/search?search=Zack+Wheeler
2025-04-16 17:06:47,401 - espn_direct_scraper - ERROR - Error searching for pitcher: 404
2025-04-16 17:06:47,401 - espn_direct_scraper - WARNING - Could not find ERA for Zack Wheeler (Philadelphia Phillies) with any method
2025-04-16 17:06:47,402 - espn_direct_scraper - INFO - Saved data to cache for espn_era_Philadelphia_Phillies_Zack_Wheeler
2025-04-16 17:06:47,425 - espn_live_data_api - ERROR - Error fetching today's games: 'id'
2025-04-16 17:06:47,426 - espn_live_data_api - ERROR - Could not find pitcher Zack Wheeler for team Philadelphia Phillies in today's games
2025-04-16 17:06:47,427 - integrated_espn_data_api - WARNING - Could not find ERA for Zack Wheeler (Philadelphia Phillies)
2025-04-16 17:06:47,427 - integrated_espn_data_api - INFO - Saved data to cache for pitcher_era_Philadelphia_Phillies_Zack_Wheeler
2025-04-16 17:06:47,427 - espn_direct_scraper - INFO - Cleared cache for espn_era_Philadelphia_Phillies_Zack_Wheeler
2025-04-16 17:06:47,427 - espn_direct_scraper - INFO - Using cached data for espn_roster_phi
2025-04-16 17:06:47,427 - espn_direct_scraper - INFO - Fetching player page from https://www.espn.com/mlb/player/_/id/31267
2025-04-16 17:06:47,565 - espn_direct_scraper - WARNING - ERA not found for Zack Wheeler
2025-04-16 17:06:47,565 - espn_direct_scraper - INFO - Fetching team stats from https://www.espn.com/mlb/team/stats/_/name/phi/view/pitching
2025-04-16 17:06:47,700 - espn_direct_scraper - WARNING - Pitcher Zack Wheeler not found on team stats page
2025-04-16 17:06:47,700 - espn_direct_scraper - INFO - Searching for pitcher on stats page: https://www.espn.com/mlb/stats/player/_/view/pitching
2025-04-16 17:06:47,853 - espn_direct_scraper - WARNING - Pitcher Zack Wheeler not found on stats page
2025-04-16 17:06:47,854 - espn_direct_scraper - INFO - Searching for pitcher at https://www.espn.com/mlb/players/search?search=Zack+Wheeler
2025-04-16 17:06:47,876 - espn_direct_scraper - ERROR - Error searching for pitcher: 404
2025-04-16 17:06:47,877 - espn_direct_scraper - WARNING - Could not find ERA for Zack Wheeler (Philadelphia Phillies) with any method
2025-04-16 17:06:47,877 - espn_direct_scraper - INFO - Saved data to cache for espn_era_Philadelphia_Phillies_Zack_Wheeler
2025-04-16 17:06:47,901 - espn_live_data_api - ERROR - Error fetching today's games: 'id'
2025-04-16 17:06:47,902 - espn_live_data_api - ERROR - Could not find pitcher Zack Wheeler for team Philadelphia Phillies in today's games
2025-04-16 17:06:47,949 - espn_live_data_api - ERROR - Error fetching today's games: 'id'
2025-04-16 17:06:47,951 - integrated_espn_data_api - INFO - Saved data to cache for todays_games_enhanced
2025-04-16 17:06:47,951 - integrated_espn_data_api - INFO - Cleared cache for todays_games_enhanced
2025-04-16 17:06:47,978 - espn_live_data_api - ERROR - Error fetching today's games: 'id'
2025-04-16 17:06:47,979 - integrated_espn_data_api - INFO - Saved data to cache for todays_games_enhanced
2025-04-16 17:06:47,979 - integrated_espn_data_api - INFO - Saved data to cache for all_game_data
